<html>
<head>
<title>TestNG:  192.168.56.102:5555</title>
<link href="../testng.css" rel="stylesheet" type="text/css" />
<link href="../my-testng.css" rel="stylesheet" type="text/css" />

<style type="text/css">
.log { display: none;} 
.stack-trace { display: none;} 
</style>
<script type="text/javascript">
<!--
function flip(e) {
  current = e.style.display;
  if (current == 'block') {
    e.style.display = 'none';
    return 0;
  }
  else {
    e.style.display = 'block';
    return 1;
  }
}

function toggleBox(szDivId, elem, msg1, msg2)
{
  var res = -1;  if (document.getElementById) {
    res = flip(document.getElementById(szDivId));
  }
  else if (document.all) {
    // this is the way old msie versions work
    res = flip(document.all[szDivId]);
  }
  if(elem) {
    if(res == 0) elem.innerHTML = msg1; else elem.innerHTML = msg2;
  }

}

function toggleAllBoxes() {
  if (document.getElementsByTagName) {
    d = document.getElementsByTagName('div');
    for (i = 0; i < d.length; i++) {
      if (d[i].className == 'log') {
        flip(d[i]);
      }
    }
  }
}

// -->
</script>

</head>
<body>
<h2 align='center'>192.168.56.102:5555</h2><table border='1' align="center">
<tr>
<td>Tests passed/Failed/Skipped:</td><td>0/1/0</td>
</tr><tr>
<td>Started on:</td><td>Wed Apr 27 23:12:24 CST 2016</td>
</tr>
<tr><td>Total time:</td><td>110 seconds (110522 ms)</td>
</tr><tr>
<td>Included groups:</td><td></td>
</tr><tr>
<td>Excluded groups:</td><td></td>
</tr>
</table><p/>
<small><i>(Hover the method name to see the test class name)</i></small><p/>
<table width='100%' border='1' class='invocation-failed'>
<tr><td colspan='4' align='center'><b>FAILED TESTS</b></td></tr>
<tr><td><b>Test method</b></td>
<td width="30%"><b>Exception</b></td>
<td width="10%"><b>Time (seconds)</b></td>
<td><b>Instance</b></td>
</tr>
<tr>
<td title='cn.crazy.appium.testcases.XinChangTaiTest.personInfo()'><b>personInfo</b><br>Test class: cn.crazy.appium.testcases.XinChangTaiTest<br/>
<a href="#Output-1945741429" onClick='toggleBox("Output-1945741429", this, "Show output", "Hide output");'>Show output</a>

<a href="#Output-1945741429" onClick="toggleAllBoxes();">Show all outputs</a>
<div class='log' id="Output-1945741429">
<a href=http://localhost:8080/jenkins/job/test/crazyappium/images/10info.jpg target=_blank>Failed Screen Shot</a><br/>
<img src=http://localhost:8080/jenkins/job/test/crazyappium/images/10info.jpg style=width:30px;height:30px img/><br/>
</div>
</td>
<td><div><pre>java.lang.AssertionError: null
	at cn.crazy.appium.testng.Assertion.fail(Assertion.java:63)
	at cn.crazy.appium.testng.Assertion.assertEquals(Assertion.java:19)
	at cn.crazy.appium.page.PersonInofPage.personChange(PersonInofPage.java:130)
	at cn.crazy.appium.testcases.XinChangTaiTest.personInfo(XinChangTaiTest.java:31)
	at java.util.concurrent.FutureTask.run(FutureTask.java:266)
	at java.util.concurrent.ThreadPoolExecutor.runWorker(ThreadPoolExecutor.java:1142)
	at java.util.concurrent.ThreadPoolExecutor$Worker.run(ThreadPoolExecutor.java:617)
	at java.lang.Thread.run(Thread.java:745)
... Removed 18 stack frames</pre></div><a href='#' onClick='toggleBox("stack-trace1945741429", this, "Click to show all stack frames", "Click to hide stack frames")'>Click to show all stack frames</a>
<div class='stack-trace' id='stack-trace1945741429'><pre>java.lang.AssertionError: null
	at org.testng.Assert.fail(Assert.java:94)
	at org.testng.Assert.fail(Assert.java:101)
	at cn.crazy.appium.testng.Assertion.fail(Assertion.java:63)
	at cn.crazy.appium.testng.Assertion.assertEquals(Assertion.java:19)
	at cn.crazy.appium.page.PersonInofPage.personChange(PersonInofPage.java:130)
	at cn.crazy.appium.testcases.XinChangTaiTest.personInfo(XinChangTaiTest.java:31)
	at sun.reflect.NativeMethodAccessorImpl.invoke0(Native Method)
	at sun.reflect.NativeMethodAccessorImpl.invoke(NativeMethodAccessorImpl.java:62)
	at sun.reflect.DelegatingMethodAccessorImpl.invoke(DelegatingMethodAccessorImpl.java:43)
	at java.lang.reflect.Method.invoke(Method.java:483)
	at org.testng.internal.MethodInvocationHelper.invokeMethod(MethodInvocationHelper.java:85)
	at org.testng.internal.Invoker.invokeMethod(Invoker.java:696)
	at org.testng.internal.Invoker.invokeTestMethod(Invoker.java:882)
	at org.testng.internal.Invoker.invokeTestMethods(Invoker.java:1189)
	at org.testng.internal.TestMethodWorker.invokeTestMethods(TestMethodWorker.java:124)
	at org.testng.internal.TestMethodWorker.run(TestMethodWorker.java:108)
	at org.testng.TestRunner.privateRun(TestRunner.java:767)
	at org.testng.TestRunner.run(TestRunner.java:617)
	at org.testng.SuiteRunner.runTest(SuiteRunner.java:348)
	at org.testng.SuiteRunner.access$000(SuiteRunner.java:38)
	at org.testng.SuiteRunner$SuiteWorker.run(SuiteRunner.java:382)
	at org.testng.internal.thread.ThreadUtil$2.call(ThreadUtil.java:64)
	at java.util.concurrent.FutureTask.run(FutureTask.java:266)
	at java.util.concurrent.ThreadPoolExecutor.runWorker(ThreadPoolExecutor.java:1142)
	at java.util.concurrent.ThreadPoolExecutor$Worker.run(ThreadPoolExecutor.java:617)
	at java.lang.Thread.run(Thread.java:745)
</pre></div></td>
<td>84</td>
<td>cn.crazy.appium.testcases.XinChangTaiTest@954b04f</td></tr>
</table><p>
</body>
</html>